<?xml version="1.0" encoding="UTF-8"?>
<!-- Generated by org.testng.reporters.JUnitReportReporter -->
<testsuite hostname="LAPTOP-CMV49M6P" failures="0" tests="1" name="seleniumBasics.TestNGAnnotations" time="0.012" errors="0" timestamp="2025-09-08T12:25:46 IST" skipped="0">
  <testcase classname="seleniumBasics.TestNGAnnotations" name="sampleTestcase" time="0.012"/>
</testsuite> <!-- seleniumBasics.TestNGAnnotations -->
