<?xml version="1.0" encoding="UTF-8"?>
<!-- Generated by org.testng.reporters.JUnitReportReporter -->
<testsuite hostname="LAPTOP-CMV49M6P" failures="0" tests="1" name="testscripts.LoginTest" time="18.768" errors="0" timestamp="2025-09-09T10:36:44 IST" skipped="0">
  <testcase classname="testscripts.LoginTest" name="verifyUserLoginWithValidCredentials" time="18.768"/>
</testsuite> <!-- testscripts.LoginTest -->
