<?xml version="1.0" encoding="UTF-8"?>
<!-- Generated by org.testng.reporters.JUnitReportReporter -->
<testsuite hostname="LAPTOP-CMV49M6P" failures="0" tests="1" name="testscripts.LoginTest" time="23.112" errors="0" timestamp="2025-09-11T11:26:10 IST" skipped="0">
  <testcase classname="testscripts.LoginTest" name="verifyUserLoginWithValidCredentials" time="23.112"/>
</testsuite> <!-- testscripts.LoginTest -->
